2026-02-16 23:52:53,945 - __main__ - INFO - База данных инициализирована
2026-02-16 23:52:53,948 - __main__ - INFO - Бот запускается...
2026-02-16 23:52:53,949 - __main__ - INFO - Ожидается первое сообщение от администратора
2026-02-16 23:52:53,949 - __main__ - INFO - Бот готов к работе!
2026-02-16 23:52:53,950 - aiogram.dispatcher - INFO - Start polling
2026-02-16 23:52:54,279 - aiogram.dispatcher - INFO - Run polling for bot @PVZadm_bot id=8360197362 - 'PVZadm'
2026-02-16 23:52:54,352 - __main__ - INFO - Пользователь добавлен/обновлен: @chasujebezoshibochno (ID: 1098793332, роль: admin)
2026-02-16 23:52:54,633 - __main__ - INFO - Администратор добавлен: @chasujebezoshibochno (ID: 1098793332)
2026-02-16 23:52:54,633 - aiogram.event - INFO - Update id=753334100 is handled. Duration 285 ms by bot id=8360197362
2026-02-16 23:53:04,856 - aiogram.event - INFO - Update id=753334101 is handled. Duration 125 ms by bot id=8360197362
2026-02-16 23:53:20,176 - __main__ - INFO - Пользователь добавлен/обновлен: @suipon192 (ID: 8532692275, роль: team)
2026-02-16 23:53:20,257 - __main__ - INFO - Член команды добавлен: @suipon192 (ID: 8532692275)
2026-02-16 23:53:20,258 - aiogram.event - INFO - Update id=753334102 is handled. Duration 85 ms by bot id=8360197362
2026-02-16 23:53:42,099 - aiogram.event - INFO - Update id=753334103 is handled. Duration 95 ms by bot id=8360197362
2026-02-16 23:53:44,808 - aiogram.event - INFO - Update id=753334104 is handled. Duration 92 ms by bot id=8360197362
2026-02-16 23:53:46,718 - aiogram.event - INFO - Update id=753334105 is handled. Duration 104 ms by bot id=8360197362
2026-02-16 23:53:50,153 - aiogram.event - INFO - Update id=753334106 is handled. Duration 78 ms by bot id=8360197362
2026-02-16 23:54:15,419 - __main__ - INFO - Задача создана: TASK-2026-02-16-001
2026-02-16 23:54:15,616 - __main__ - INFO - Задача TASK-2026-02-16-001 отправлена исполнителю
2026-02-16 23:54:15,617 - aiogram.event - INFO - Update id=753334107 is handled. Duration 203 ms by bot id=8360197362
2026-02-16 23:54:18,819 - __main__ - INFO - Статус задачи TASK-2026-02-16-001 изменен на В работе
2026-02-16 23:54:18,938 - __main__ - INFO - Уведомление админу отправлено (ID: 1098793332)
2026-02-16 23:54:19,140 - aiogram.event - INFO - Update id=753334108 is handled. Duration 327 ms by bot id=8360197362
2026-02-16 23:54:22,596 - aiogram.event - INFO - Update id=753334109 is handled. Duration 84 ms by bot id=8360197362
2026-02-16 23:54:25,930 - aiogram.event - INFO - Update id=753334110 is handled. Duration 133 ms by bot id=8360197362
2026-02-16 23:54:29,111 - __main__ - INFO - Статус задачи TASK-2026-02-16-001 изменен на Выполнено
2026-02-16 23:54:29,232 - __main__ - INFO - Уведомление админу отправлено (ID: 1098793332)
2026-02-16 23:54:29,406 - aiogram.event - INFO - Update id=753334111 is handled. Duration 299 ms by bot id=8360197362
2026-02-16 23:54:33,205 - aiogram.event - INFO - Update id=753334112 is handled. Duration 93 ms by bot id=8360197362
2026-02-16 23:54:37,852 - aiogram.event - INFO - Update id=753334113 is handled. Duration 246 ms by bot id=8360197362
2026-02-17 00:04:06,958 - aiogram.event - INFO - Update id=753334114 is handled. Duration 126 ms by bot id=8360197362
2026-02-17 00:07:56,926 - aiogram.event - INFO - Update id=753334115 is handled. Duration 85 ms by bot id=8360197362
2026-02-17 00:08:02,415 - aiogram.event - INFO - Update id=753334116 is handled. Duration 96 ms by bot id=8360197362
2026-02-17 00:08:05,338 - aiogram.event - INFO - Update id=753334117 is handled. Duration 212 ms by bot id=8360197362
2026-02-17 00:08:07,128 - aiogram.event - INFO - Update id=753334118 is handled. Duration 169 ms by bot id=8360197362
2026-02-17 00:08:10,312 - aiogram.event - INFO - Update id=753334119 is handled. Duration 1 ms by bot id=8360197362
2026-02-17 00:08:12,875 - aiogram.event - INFO - Update id=753334120 is handled. Duration 178 ms by bot id=8360197362
2026-02-17 00:08:14,812 - aiogram.event - INFO - Update id=753334121 is handled. Duration 712 ms by bot id=8360197362
2026-02-17 00:08:17,628 - aiogram.event - INFO - Update id=753334122 is handled. Duration 230 ms by bot id=8360197362
2026-02-17 00:08:22,137 - aiogram.event - INFO - Update id=753334123 is handled. Duration 169 ms by bot id=8360197362
2026-02-17 00:08:24,870 - aiogram.event - INFO - Update id=753334124 is handled. Duration 100 ms by bot id=8360197362
2026-02-17 00:08:25,989 - aiogram.event - INFO - Update id=753334125 is handled. Duration 169 ms by bot id=8360197362
2026-02-17 00:08:27,765 - aiogram.event - INFO - Update id=753334126 is handled. Duration 295 ms by bot id=8360197362
2026-02-17 00:08:30,055 - aiogram.event - INFO - Update id=753334127 is handled. Duration 214 ms by bot id=8360197362
2026-02-17 00:08:33,655 - aiogram.event - INFO - Update id=753334128 is handled. Duration 149 ms by bot id=8360197362
2026-02-17 00:08:36,140 - aiogram.event - INFO - Update id=753334129 is handled. Duration 285 ms by bot id=8360197362
2026-02-17 00:09:07,017 - __main__ - INFO - Задача создана: TASK-2026-02-17-001
2026-02-17 00:09:07,183 - __main__ - INFO - Задача TASK-2026-02-17-001 отправлена исполнителю
2026-02-17 00:09:07,184 - aiogram.event - INFO - Update id=753334130 is handled. Duration 172 ms by bot id=8360197362
2026-02-17 00:09:11,496 - __main__ - INFO - Задача создана: TASK-2026-02-17-002
2026-02-17 00:09:11,675 - __main__ - INFO - Задача TASK-2026-02-17-002 отправлена исполнителю
2026-02-17 00:09:11,675 - aiogram.event - INFO - Update id=753334131 is handled. Duration 186 ms by bot id=8360197362
2026-02-17 00:09:12,627 - __main__ - INFO - Задача создана: TASK-2026-02-17-003
2026-02-17 00:09:13,529 - __main__ - INFO - Задача TASK-2026-02-17-003 отправлена исполнителю
2026-02-17 00:09:13,529 - aiogram.event - INFO - Update id=753334132 is handled. Duration 908 ms by bot id=8360197362
2026-02-17 00:09:13,593 - __main__ - INFO - Задача создана: TASK-2026-02-17-004
2026-02-17 00:09:13,767 - __main__ - INFO - Задача TASK-2026-02-17-004 отправлена исполнителю
2026-02-17 00:09:13,767 - aiogram.event - INFO - Update id=753334133 is handled. Duration 181 ms by bot id=8360197362
2026-02-17 00:09:14,455 - __main__ - INFO - Задача создана: TASK-2026-02-17-005
2026-02-17 00:09:14,624 - __main__ - INFO - Задача TASK-2026-02-17-005 отправлена исполнителю
2026-02-17 00:09:14,625 - aiogram.event - INFO - Update id=753334134 is handled. Duration 177 ms by bot id=8360197362
2026-02-17 00:09:16,158 - aiogram.event - INFO - Update id=753334135 is handled. Duration 185 ms by bot id=8360197362
2026-02-17 00:09:19,673 - __main__ - INFO - Комментарий добавлен к задаче TASK-2026-02-17-005
2026-02-17 00:09:19,932 - __main__ - INFO - Уведомление админу отправлено (ID: 1098793332)
2026-02-17 00:09:19,932 - aiogram.event - INFO - Update id=753334136 is handled. Duration 262 ms by bot id=8360197362
2026-02-17 00:09:25,780 - aiogram.event - INFO - Update id=753334137 is handled. Duration 140 ms by bot id=8360197362
2026-02-17 00:09:28,346 - aiogram.event - INFO - Update id=753334138 is handled. Duration 174 ms by bot id=8360197362
2026-02-17 00:09:31,265 - aiogram.event - INFO - Update id=753334139 is handled. Duration 136 ms by bot id=8360197362
2026-02-17 00:09:32,846 - __main__ - INFO - Статус задачи TASK-2026-02-17-005 изменен на В работе
2026-02-17 00:09:32,951 - __main__ - INFO - Уведомление админу отправлено (ID: 1098793332)
2026-02-17 00:09:33,115 - aiogram.event - INFO - Update id=753334140 is handled. Duration 274 ms by bot id=8360197362
2026-02-17 00:09:34,036 - __main__ - INFO - Статус задачи TASK-2026-02-17-005 изменен на Выполнено
2026-02-17 00:09:34,162 - __main__ - INFO - Уведомление админу отправлено (ID: 1098793332)
2026-02-17 00:09:34,343 - aiogram.event - INFO - Update id=753334141 is handled. Duration 310 ms by bot id=8360197362
2026-02-17 00:09:38,035 - aiogram.event - INFO - Update id=753334142 is handled. Duration 1 ms by bot id=8360197362
2026-02-17 00:09:41,752 - aiogram.event - INFO - Update id=753334143 is handled. Duration 661 ms by bot id=8360197362
2026-02-17 00:09:52,066 - aiogram.event - INFO - Update id=753334144 is handled. Duration 87 ms by bot id=8360197362
2026-02-17 00:09:54,892 - aiogram.event - INFO - Update id=753334145 is handled. Duration 377 ms by bot id=8360197362
2026-02-17 00:09:56,528 - aiogram.event - INFO - Update id=753334146 is handled. Duration 143 ms by bot id=8360197362
2026-02-17 00:09:57,986 - aiogram.event - INFO - Update id=753334147 is handled. Duration 230 ms by bot id=8360197362
2026-02-17 00:10:06,522 - aiogram.event - INFO - Update id=753334148 is handled. Duration 79 ms by bot id=8360197362
2026-02-17 00:10:09,100 - __main__ - INFO - Статус задачи TASK-2026-02-17-004 изменен на В работе
2026-02-17 00:10:09,217 - __main__ - INFO - Уведомление админу отправлено (ID: 1098793332)
2026-02-17 00:10:09,390 - aiogram.event - INFO - Update id=753334149 is handled. Duration 294 ms by bot id=8360197362
2026-02-17 00:10:10,277 - __main__ - INFO - Статус задачи TASK-2026-02-17-004 изменен на Выполнено
2026-02-17 00:10:10,370 - __main__ - INFO - Уведомление админу отправлено (ID: 1098793332)
2026-02-17 00:10:10,528 - aiogram.event - INFO - Update id=753334150 is handled. Duration 255 ms by bot id=8360197362
2026-02-17 00:10:11,744 - __main__ - INFO - Статус задачи TASK-2026-02-17-003 изменен на В работе
2026-02-17 00:10:11,841 - __main__ - INFO - Уведомление админу отправлено (ID: 1098793332)
2026-02-17 00:10:11,999 - aiogram.event - INFO - Update id=753334151 is handled. Duration 259 ms by bot id=8360197362
2026-02-17 00:10:12,924 - __main__ - INFO - Статус задачи TASK-2026-02-17-003 изменен на Выполнено
2026-02-17 00:10:13,013 - __main__ - INFO - Уведомление админу отправлено (ID: 1098793332)
2026-02-17 00:10:13,162 - aiogram.event - INFO - Update id=753334152 is handled. Duration 244 ms by bot id=8360197362
2026-02-17 00:10:14,240 - __main__ - INFO - Статус задачи TASK-2026-02-17-002 изменен на В работе
2026-02-17 00:10:14,339 - __main__ - INFO - Уведомление админу отправлено (ID: 1098793332)
2026-02-17 00:10:14,493 - aiogram.event - INFO - Update id=753334153 is handled. Duration 258 ms by bot id=8360197362
2026-02-17 00:10:15,151 - __main__ - INFO - Статус задачи TASK-2026-02-17-002 изменен на Выполнено
2026-02-17 00:10:15,271 - __main__ - INFO - Уведомление админу отправлено (ID: 1098793332)
2026-02-17 00:10:15,443 - aiogram.event - INFO - Update id=753334154 is handled. Duration 296 ms by bot id=8360197362
2026-02-17 00:10:16,638 - __main__ - INFO - Статус задачи TASK-2026-02-17-001 изменен на В работе
2026-02-17 00:10:16,740 - __main__ - INFO - Уведомление админу отправлено (ID: 1098793332)
2026-02-17 00:10:16,928 - aiogram.event - INFO - Update id=753334155 is handled. Duration 294 ms by bot id=8360197362
2026-02-17 00:10:17,601 - __main__ - INFO - Статус задачи TASK-2026-02-17-001 изменен на Выполнено
2026-02-17 00:10:17,782 - __main__ - INFO - Уведомление админу отправлено (ID: 1098793332)
2026-02-17 00:10:18,125 - aiogram.event - INFO - Update id=753334156 is handled. Duration 529 ms by bot id=8360197362
2026-02-17 00:10:21,785 - aiogram.event - INFO - Update id=753334157 is handled. Duration 85 ms by bot id=8360197362
2026-02-17 00:10:30,535 - aiogram.event - INFO - Update id=753334158 is handled. Duration 90 ms by bot id=8360197362
2026-02-17 00:10:41,077 - aiogram.event - INFO - Update id=753334159 is handled. Duration 86 ms by bot id=8360197362
2026-02-17 00:10:47,419 - aiogram.event - INFO - Update id=753334160 is handled. Duration 1267 ms by bot id=8360197362
2026-02-17 00:10:52,969 - aiogram.event - INFO - Update id=753334161 is handled. Duration 468 ms by bot id=8360197362
2026-02-17 00:10:59,961 - aiogram.event - INFO - Update id=753334162 is handled. Duration 315 ms by bot id=8360197362
2026-02-17 00:29:46,163 - __main__ - WARNING - Попытка доступа от неизвестного пользователя: @Pvz_miniboss (ID: 6463629084)
2026-02-17 00:29:46,163 - aiogram.event - INFO - Update id=753334163 is handled. Duration 96 ms by bot id=8360197362
2026-02-17 00:29:59,966 - aiogram.event - INFO - Update id=753334164 is handled. Duration 166 ms by bot id=8360197362
2026-02-17 00:30:04,167 - aiogram.event - INFO - Update id=753334165 is handled. Duration 87 ms by bot id=8360197362
2026-02-17 00:30:09,469 - aiogram.event - INFO - Update id=753334166 is handled. Duration 91 ms by bot id=8360197362
2026-02-17 00:30:17,740 - aiogram.event - INFO - Update id=753334167 is handled. Duration 1 ms by bot id=8360197362
2026-02-17 00:30:58,537 - aiogram.event - INFO - Update id=753334168 is handled. Duration 1 ms by bot id=8360197362
2026-02-17 00:31:02,469 - aiogram.event - INFO - Update id=753334169 is handled. Duration 2 ms by bot id=8360197362
2026-02-17 00:31:06,265 - __main__ - INFO - Пользователь добавлен/обновлен: @Pvz_miniboss (ID: 6463629084, роль: team)
2026-02-17 00:31:06,347 - __main__ - INFO - Член команды добавлен: @Pvz_miniboss (ID: 6463629084)
2026-02-17 00:31:06,347 - aiogram.event - INFO - Update id=753334170 is handled. Duration 86 ms by bot id=8360197362
2026-02-17 00:31:10,546 - aiogram.event - INFO - Update id=753334171 is handled. Duration 2 ms by bot id=8360197362
2026-02-17 00:31:21,175 - aiogram.event - INFO - Update id=753334172 is handled. Duration 85 ms by bot id=8360197362
2026-02-17 00:31:31,221 - aiogram.event - INFO - Update id=753334173 is handled. Duration 85 ms by bot id=8360197362
2026-02-17 00:31:49,019 - aiogram.event - INFO - Update id=753334174 is handled. Duration 321 ms by bot id=8360197362
2026-02-17 00:31:50,659 - aiogram.event - INFO - Update id=753334175 is handled. Duration 368 ms by bot id=8360197362
2026-02-17 00:31:54,707 - aiogram.event - INFO - Update id=753334176 is handled. Duration 110 ms by bot id=8360197362
2026-02-17 00:32:20,404 - __main__ - INFO - Задача создана: TASK-2026-02-17-005
2026-02-17 00:32:20,587 - __main__ - INFO - Задача TASK-2026-02-17-005 отправлена исполнителю
2026-02-17 00:32:20,587 - aiogram.event - INFO - Update id=753334177 is handled. Duration 190 ms by bot id=8360197362
2026-02-17 00:32:34,374 - aiogram.event - INFO - Update id=753334178 is handled. Duration 153 ms by bot id=8360197362
2026-02-17 00:32:38,828 - __main__ - INFO - Комментарий добавлен к задаче TASK-2026-02-17-005
2026-02-17 00:32:38,996 - __main__ - INFO - Уведомление админу отправлено (ID: 1098793332)
2026-02-17 00:32:38,997 - aiogram.event - INFO - Update id=753334179 is handled. Duration 173 ms by bot id=8360197362
2026-02-17 00:32:47,709 - aiogram.event - INFO - Update id=753334180 is handled. Duration 102 ms by bot id=8360197362
2026-02-17 00:32:49,343 - aiogram.event - INFO - Update id=753334181 is handled. Duration 97 ms by bot id=8360197362
2026-02-17 00:32:53,041 - aiogram.event - INFO - Update id=753334182 is handled. Duration 153 ms by bot id=8360197362
2026-02-17 00:33:02,640 - aiogram.event - INFO - Update id=753334183 is handled. Duration 209 ms by bot id=8360197362
2026-02-17 00:33:05,127 - aiogram.event - INFO - Update id=753334184 is handled. Duration 176 ms by bot id=8360197362
2026-02-17 00:33:07,699 - __main__ - INFO - Комментарий добавлен к задаче TASK-2026-02-17-005
2026-02-17 00:33:07,868 - aiogram.event - INFO - Update id=753334185 is handled. Duration 173 ms by bot id=8360197362
2026-02-17 00:33:15,513 - aiogram.event - INFO - Update id=753334186 is handled. Duration 158 ms by bot id=8360197362
2026-02-17 00:33:21,276 - __main__ - INFO - Комментарий добавлен к задаче TASK-2026-02-17-005
2026-02-17 00:33:21,459 - __main__ - INFO - Уведомление админу отправлено (ID: 1098793332)
2026-02-17 00:33:21,459 - aiogram.event - INFO - Update id=753334187 is handled. Duration 186 ms by bot id=8360197362
2026-02-17 01:08:19,083 - aiogram.dispatcher - INFO - Polling stopped
2026-02-17 01:08:19,084 - aiogram.dispatcher - ERROR - Failed to fetch updates - TelegramNetworkError: HTTP Client says - ServerDisconnectedError: Server disconnected
2026-02-17 01:08:19,084 - aiogram.dispatcher - WARNING - Sleep for 1.000000 seconds and try again... (tryings = 0, bot id = 8360197362)
2026-02-17 01:08:19,344 - aiogram.dispatcher - INFO - Polling stopped for bot @PVZadm_bot id=8360197362 - 'PVZadm'
2026-02-17 01:08:19,346 - __main__ - INFO - Бот остановлен пользователем
2026-02-17 08:47:24,639 - __main__ - INFO - База данных инициализирована
2026-02-17 08:47:24,643 - __main__ - INFO - Бот запускается...
2026-02-17 08:47:24,644 - __main__ - INFO - Admin ID найден в базе: 1098793332
2026-02-17 08:47:24,644 - __main__ - INFO - Бот готов к работе!
2026-02-17 08:47:24,644 - aiogram.dispatcher - INFO - Start polling
2026-02-17 08:47:25,656 - aiogram.dispatcher - INFO - Run polling for bot @PVZadm_bot id=8360197362 - 'PVZadm'
2026-02-17 08:49:02,359 - aiogram.event - INFO - Update id=753334188 is handled. Duration 728 ms by bot id=8360197362
2026-02-17 08:49:08,040 - aiogram.event - INFO - Update id=753334189 is handled. Duration 488 ms by bot id=8360197362
2026-02-17 08:49:13,876 - aiogram.event - INFO - Update id=753334190 is handled. Duration 406 ms by bot id=8360197362
2026-02-17 08:50:23,061 - aiogram.event - INFO - Update id=753334191 is handled. Duration 1 ms by bot id=8360197362
2026-02-17 08:50:32,518 - __main__ - INFO - Пользователь добавлен/обновлен: @Gde_e (ID: 787842897, роль: team)
2026-02-17 08:50:32,597 - __main__ - INFO - Член команды добавлен: @Gde_e (ID: 787842897)
2026-02-17 08:50:32,597 - aiogram.event - INFO - Update id=753334192 is handled. Duration 83 ms by bot id=8360197362
2026-02-17 08:50:37,460 - aiogram.event - INFO - Update id=753334193 is handled. Duration 487 ms by bot id=8360197362
2026-02-17 08:50:40,074 - aiogram.event - INFO - Update id=753334194 is handled. Duration 521 ms by bot id=8360197362
2026-02-17 08:51:55,387 - __main__ - INFO - Задача создана: TASK-2026-02-17-006
2026-02-17 08:51:56,406 - __main__ - INFO - Задача TASK-2026-02-17-006 отправлена исполнителю
2026-02-17 08:51:56,407 - aiogram.event - INFO - Update id=753334195 is handled. Duration 1025 ms by bot id=8360197362
2026-02-17 08:51:59,820 - __main__ - INFO - Задача создана: TASK-2026-02-17-007
2026-02-17 08:52:00,356 - __main__ - INFO - Задача TASK-2026-02-17-007 отправлена исполнителю
2026-02-17 08:52:00,356 - aiogram.event - INFO - Update id=753334196 is handled. Duration 544 ms by bot id=8360197362
2026-02-17 08:52:03,190 - __main__ - INFO - Задача создана: TASK-2026-02-17-008
2026-02-17 08:52:04,070 - __main__ - INFO - Задача TASK-2026-02-17-008 отправлена исполнителю
2026-02-17 08:52:04,070 - aiogram.event - INFO - Update id=753334197 is handled. Duration 886 ms by bot id=8360197362
2026-02-17 08:53:34,351 - __main__ - INFO - Статус задачи TASK-2026-02-17-006 изменен на В работе
2026-02-17 08:53:34,432 - __main__ - INFO - Уведомление админу отправлено (ID: 1098793332)
2026-02-17 08:53:35,326 - aiogram.event - INFO - Update id=753334198 is handled. Duration 981 ms by bot id=8360197362
2026-02-17 08:53:37,396 - __main__ - INFO - Статус задачи TASK-2026-02-17-007 изменен на В работе
2026-02-17 08:53:38,193 - __main__ - INFO - Уведомление админу отправлено (ID: 1098793332)
2026-02-17 08:53:39,150 - aiogram.event - INFO - Update id=753334199 is handled. Duration 1759 ms by bot id=8360197362
2026-02-17 08:53:40,458 - __main__ - INFO - Статус задачи TASK-2026-02-17-008 изменен на В работе
2026-02-17 08:53:40,909 - __main__ - INFO - Уведомление админу отправлено (ID: 1098793332)
2026-02-17 08:53:42,091 - aiogram.event - INFO - Update id=753334200 is handled. Duration 1638 ms by bot id=8360197362
2026-02-17 10:13:52,590 - aiogram.event - INFO - Update id=753334201 is handled. Duration 5353 ms by bot id=8360197362
2026-02-17 10:14:03,726 - aiogram.event - INFO - Update id=753334202 is handled. Duration 1048 ms by bot id=8360197362
2026-02-17 10:14:09,948 - aiogram.event - INFO - Update id=753334203 is handled. Duration 80 ms by bot id=8360197362
2026-02-17 10:14:18,062 - aiogram.event - INFO - Update id=753334204 is handled. Duration 2494 ms by bot id=8360197362
2026-02-17 10:16:56,677 - __main__ - INFO - Пользователь добавлен/обновлен: @mvp_pvz_team (ID: 8008859166, роль: team)
2026-02-17 10:16:56,986 - __main__ - INFO - Член команды добавлен: @mvp_pvz_team (ID: 8008859166)
2026-02-17 10:16:56,987 - aiogram.event - INFO - Update id=753334205 is handled. Duration 313 ms by bot id=8360197362
2026-02-17 10:17:00,987 - aiogram.event - INFO - Update id=753334206 is handled. Duration 576 ms by bot id=8360197362
2026-02-17 11:09:48,578 - __main__ - INFO - Пользователь добавлен/обновлен: @black_white_vt (ID: 682137380, роль: team)
2026-02-17 11:09:49,534 - __main__ - INFO - Член команды добавлен: @black_white_vt (ID: 682137380)
2026-02-17 11:09:49,534 - aiogram.event - INFO - Update id=753334207 is handled. Duration 960 ms by bot id=8360197362
2026-02-17 11:09:55,891 - aiogram.event - INFO - Update id=753334208 is handled. Duration 177 ms by bot id=8360197362
2026-02-17 11:09:59,069 - aiogram.event - INFO - Update id=753334209 is handled. Duration 93 ms by bot id=8360197362
2026-02-17 21:00:01,834 - __main__ - INFO - Уведомление админу отправлено (ID: 1098793332)
2026-02-17 21:00:01,834 - __main__ - INFO - Ежедневный отчет отправлен
2026-02-17 23:08:30,483 - aiogram.dispatcher - ERROR - Failed to fetch updates - TelegramNetworkError: HTTP Client says - Request timeout error
2026-02-17 23:08:30,483 - aiogram.dispatcher - WARNING - Sleep for 1.000000 seconds and try again... (tryings = 0, bot id = 8360197362)
2026-02-17 23:08:42,320 - aiogram.dispatcher - INFO - Connection established (tryings = 1, bot id = 8360197362)
2026-02-18 01:28:52,238 - aiogram.dispatcher - ERROR - Failed to fetch updates - TelegramNetworkError: HTTP Client says - ClientOSError: [WinError 1236] Подключение к сети было разорвано локальной системой
2026-02-18 01:28:52,239 - aiogram.dispatcher - WARNING - Sleep for 1.000000 seconds and try again... (tryings = 0, bot id = 8360197362)
2026-02-18 01:29:03,516 - aiogram.dispatcher - INFO - Connection established (tryings = 1, bot id = 8360197362)
2026-02-18 02:01:05,748 - aiogram.dispatcher - ERROR - Failed to fetch updates - TelegramNetworkError: HTTP Client says - ServerDisconnectedError: Server disconnected
2026-02-18 02:01:05,754 - aiogram.dispatcher - WARNING - Sleep for 1.000000 seconds and try again... (tryings = 0, bot id = 8360197362)
2026-02-18 02:01:07,608 - aiogram.dispatcher - ERROR - Failed to fetch updates - TelegramNetworkError: HTTP Client says - ClientConnectorError: Cannot connect to host api.telegram.org:443 ssl:default [Указанное сетевое имя более недоступно]
2026-02-18 02:01:07,608 - aiogram.dispatcher - WARNING - Sleep for 1.396683 seconds and try again... (tryings = 1, bot id = 8360197362)
2026-02-18 02:01:09,012 - aiogram.dispatcher - ERROR - Failed to fetch updates - TelegramNetworkError: HTTP Client says - ClientConnectorError: Cannot connect to host api.telegram.org:443 ssl:default [Указанное сетевое имя более недоступно]
2026-02-18 02:01:09,012 - aiogram.dispatcher - WARNING - Sleep for 1.751478 seconds and try again... (tryings = 2, bot id = 8360197362)
2026-02-18 02:01:10,785 - aiogram.dispatcher - ERROR - Failed to fetch updates - TelegramNetworkError: HTTP Client says - ClientConnectorError: Cannot connect to host api.telegram.org:443 ssl:default [Указанное сетевое имя более недоступно]
2026-02-18 02:01:10,785 - aiogram.dispatcher - WARNING - Sleep for 2.326378 seconds and try again... (tryings = 3, bot id = 8360197362)
2026-02-18 02:01:13,131 - aiogram.dispatcher - ERROR - Failed to fetch updates - TelegramNetworkError: HTTP Client says - ClientConnectorError: Cannot connect to host api.telegram.org:443 ssl:default [Указанное сетевое имя более недоступно]
2026-02-18 02:01:13,132 - aiogram.dispatcher - WARNING - Sleep for 3.123917 seconds and try again... (tryings = 4, bot id = 8360197362)
2026-02-18 02:01:16,268 - aiogram.dispatcher - ERROR - Failed to fetch updates - TelegramNetworkError: HTTP Client says - ClientConnectorError: Cannot connect to host api.telegram.org:443 ssl:default [Указанное сетевое имя более недоступно]
2026-02-18 02:01:16,268 - aiogram.dispatcher - WARNING - Sleep for 4.084044 seconds and try again... (tryings = 5, bot id = 8360197362)
2026-02-18 02:01:30,928 - aiogram.dispatcher - INFO - Connection established (tryings = 6, bot id = 8360197362)
2026-02-18 02:20:37,760 - aiogram.dispatcher - ERROR - Failed to fetch updates - TelegramNetworkError: HTTP Client says - ServerDisconnectedError: Server disconnected
2026-02-18 02:20:37,761 - aiogram.dispatcher - WARNING - Sleep for 1.000000 seconds and try again... (tryings = 0, bot id = 8360197362)
2026-02-18 02:20:38,779 - aiogram.dispatcher - ERROR - Failed to fetch updates - TelegramNetworkError: HTTP Client says - ClientConnectorError: Cannot connect to host api.telegram.org:443 ssl:default [Указанное сетевое имя более недоступно]
2026-02-18 02:20:38,780 - aiogram.dispatcher - WARNING - Sleep for 1.279558 seconds and try again... (tryings = 1, bot id = 8360197362)
2026-02-18 02:20:40,075 - aiogram.dispatcher - ERROR - Failed to fetch updates - TelegramNetworkError: HTTP Client says - ClientConnectorError: Cannot connect to host api.telegram.org:443 ssl:default [Указанное сетевое имя более недоступно]
2026-02-18 02:20:40,075 - aiogram.dispatcher - WARNING - Sleep for 1.733901 seconds and try again... (tryings = 2, bot id = 8360197362)
2026-02-18 02:20:41,825 - aiogram.dispatcher - ERROR - Failed to fetch updates - TelegramNetworkError: HTTP Client says - ClientConnectorError: Cannot connect to host api.telegram.org:443 ssl:default [Указанное сетевое имя более недоступно]
2026-02-18 02:20:41,825 - aiogram.dispatcher - WARNING - Sleep for 2.257081 seconds and try again... (tryings = 3, bot id = 8360197362)
2026-02-18 02:20:44,087 - aiogram.dispatcher - ERROR - Failed to fetch updates - TelegramNetworkError: HTTP Client says - ClientConnectorError: Cannot connect to host api.telegram.org:443 ssl:default [Указанное сетевое имя более недоступно]
2026-02-18 02:20:44,087 - aiogram.dispatcher - WARNING - Sleep for 2.975221 seconds and try again... (tryings = 4, bot id = 8360197362)
2026-02-18 02:20:47,076 - aiogram.dispatcher - ERROR - Failed to fetch updates - TelegramNetworkError: HTTP Client says - ClientConnectorError: Cannot connect to host api.telegram.org:443 ssl:default [Указанное сетевое имя более недоступно]
2026-02-18 02:20:47,076 - aiogram.dispatcher - WARNING - Sleep for 3.914589 seconds and try again... (tryings = 5, bot id = 8360197362)
2026-02-18 02:20:51,007 - aiogram.dispatcher - ERROR - Failed to fetch updates - TelegramNetworkError: HTTP Client says - ClientConnectorError: Cannot connect to host api.telegram.org:443 ssl:default [Указанное сетевое имя более недоступно]
2026-02-18 02:20:51,007 - aiogram.dispatcher - WARNING - Sleep for 4.908128 seconds and try again... (tryings = 6, bot id = 8360197362)
2026-02-18 02:20:55,919 - aiogram.dispatcher - ERROR - Failed to fetch updates - TelegramNetworkError: HTTP Client says - ClientConnectorError: Cannot connect to host api.telegram.org:443 ssl:default [Указанное сетевое имя более недоступно]
2026-02-18 02:20:55,920 - aiogram.dispatcher - WARNING - Sleep for 4.930705 seconds and try again... (tryings = 7, bot id = 8360197362)
2026-02-18 02:21:00,866 - aiogram.dispatcher - ERROR - Failed to fetch updates - TelegramNetworkError: HTTP Client says - ClientConnectorError: Cannot connect to host api.telegram.org:443 ssl:default [Указанное сетевое имя более недоступно]
2026-02-18 02:21:00,866 - aiogram.dispatcher - WARNING - Sleep for 4.831702 seconds and try again... (tryings = 8, bot id = 8360197362)
2026-02-18 02:21:05,708 - aiogram.dispatcher - ERROR - Failed to fetch updates - TelegramNetworkError: HTTP Client says - ClientConnectorError: Cannot connect to host api.telegram.org:443 ssl:default [Указанное сетевое имя более недоступно]
2026-02-18 02:21:05,709 - aiogram.dispatcher - WARNING - Sleep for 5.016386 seconds and try again... (tryings = 9, bot id = 8360197362)
2026-02-18 02:21:10,733 - aiogram.dispatcher - ERROR - Failed to fetch updates - TelegramNetworkError: HTTP Client says - ClientConnectorError: Cannot connect to host api.telegram.org:443 ssl:default [Указанное сетевое имя более недоступно]
2026-02-18 02:21:10,733 - aiogram.dispatcher - WARNING - Sleep for 5.109119 seconds and try again... (tryings = 10, bot id = 8360197362)
2026-02-18 02:21:15,852 - aiogram.dispatcher - ERROR - Failed to fetch updates - TelegramNetworkError: HTTP Client says - ClientConnectorError: Cannot connect to host api.telegram.org:443 ssl:default [Указанное сетевое имя более недоступно]
2026-02-18 02:21:15,852 - aiogram.dispatcher - WARNING - Sleep for 4.940377 seconds and try again... (tryings = 11, bot id = 8360197362)
2026-02-18 02:21:20,805 - aiogram.dispatcher - ERROR - Failed to fetch updates - TelegramNetworkError: HTTP Client says - ClientConnectorError: Cannot connect to host api.telegram.org:443 ssl:default [Указанное сетевое имя более недоступно]
2026-02-18 02:21:20,805 - aiogram.dispatcher - WARNING - Sleep for 4.948170 seconds and try again... (tryings = 12, bot id = 8360197362)
2026-02-18 02:21:25,766 - aiogram.dispatcher - ERROR - Failed to fetch updates - TelegramNetworkError: HTTP Client says - ClientConnectorError: Cannot connect to host api.telegram.org:443 ssl:default [Указанное сетевое имя более недоступно]
2026-02-18 02:21:25,766 - aiogram.dispatcher - WARNING - Sleep for 4.969672 seconds and try again... (tryings = 13, bot id = 8360197362)
2026-02-18 02:21:30,754 - aiogram.dispatcher - ERROR - Failed to fetch updates - TelegramNetworkError: HTTP Client says - ClientConnectorError: Cannot connect to host api.telegram.org:443 ssl:default [Указанное сетевое имя более недоступно]
2026-02-18 02:21:30,754 - aiogram.dispatcher - WARNING - Sleep for 5.050063 seconds and try again... (tryings = 14, bot id = 8360197362)
2026-02-18 02:21:47,953 - aiogram.dispatcher - INFO - Connection established (tryings = 15, bot id = 8360197362)
2026-02-18 02:42:02,876 - aiogram.dispatcher - INFO - Polling stopped
2026-02-18 02:42:02,877 - aiogram.dispatcher - ERROR - Failed to fetch updates - TelegramNetworkError: HTTP Client says - ServerDisconnectedError: Server disconnected
2026-02-18 02:42:02,877 - aiogram.dispatcher - WARNING - Sleep for 1.000000 seconds and try again... (tryings = 0, bot id = 8360197362)
2026-02-18 02:42:03,129 - aiogram.dispatcher - INFO - Polling stopped for bot @PVZadm_bot id=8360197362 - 'PVZadm'
2026-02-18 02:42:03,131 - __main__ - INFO - Бот остановлен пользователем
2026-02-19 15:34:26,265 - __main__ - INFO - База данных инициализирована
2026-02-19 15:34:26,268 - __main__ - INFO - Бот запускается...
2026-02-19 15:34:26,269 - __main__ - INFO - Admin ID найден в базе: 1098793332
2026-02-19 15:34:26,269 - __main__ - INFO - Бот готов к работе!
2026-02-19 15:34:26,269 - aiogram.dispatcher - INFO - Start polling
2026-02-19 15:34:26,600 - aiogram.dispatcher - INFO - Run polling for bot @PVZadm_bot id=8360197362 - 'PVZadm'
2026-02-19 15:35:11,753 - aiogram.dispatcher - INFO - Polling stopped
2026-02-19 15:35:11,753 - aiogram.dispatcher - ERROR - Failed to fetch updates - TelegramNetworkError: HTTP Client says - ServerDisconnectedError: Server disconnected
2026-02-19 15:35:11,753 - aiogram.dispatcher - WARNING - Sleep for 1.000000 seconds and try again... (tryings = 0, bot id = 8360197362)
2026-02-19 15:35:12,019 - aiogram.dispatcher - INFO - Polling stopped for bot @PVZadm_bot id=8360197362 - 'PVZadm'
2026-02-19 15:35:12,020 - __main__ - INFO - Бот остановлен пользователем
2026-02-19 15:35:39,853 - __main__ - INFO - База данных инициализирована
2026-02-19 15:35:39,856 - __main__ - INFO - Бот запускается...
2026-02-19 15:35:39,856 - __main__ - INFO - Admin ID найден в базе: 1098793332
2026-02-19 15:35:39,857 - __main__ - INFO - Бот готов к работе!
2026-02-19 15:35:39,857 - aiogram.dispatcher - INFO - Start polling
2026-02-19 15:35:40,138 - aiogram.dispatcher - INFO - Run polling for bot @PVZadm_bot id=8360197362 - 'PVZadm'
2026-02-19 16:19:03,261 - aiogram.dispatcher - ERROR - Failed to fetch updates - TelegramConflictError: Telegram server says - Conflict: terminated by setWebhook request
2026-02-19 16:19:03,261 - aiogram.dispatcher - WARNING - Sleep for 1.000000 seconds and try again... (tryings = 0, bot id = 8360197362)
2026-02-19 16:19:07,331 - aiogram.dispatcher - ERROR - Failed to fetch updates - TelegramConflictError: Telegram server says - Conflict: can't use getUpdates method while webhook is active; use deleteWebhook to delete the webhook first
2026-02-19 16:19:07,332 - aiogram.dispatcher - WARNING - Sleep for 1.211035 seconds and try again... (tryings = 1, bot id = 8360197362)
2026-02-19 16:19:08,628 - aiogram.dispatcher - ERROR - Failed to fetch updates - TelegramConflictError: Telegram server says - Conflict: can't use getUpdates method while webhook is active; use deleteWebhook to delete the webhook first
2026-02-19 16:19:08,629 - aiogram.dispatcher - WARNING - Sleep for 1.428622 seconds and try again... (tryings = 2, bot id = 8360197362)
2026-02-19 16:19:10,956 - aiogram.dispatcher - INFO - Polling stopped
2026-02-19 16:19:10,956 - aiogram.dispatcher - ERROR - Failed to fetch updates - TelegramNetworkError: HTTP Client says - ServerDisconnectedError: Server disconnected
2026-02-19 16:19:10,957 - aiogram.dispatcher - WARNING - Sleep for 1.735125 seconds and try again... (tryings = 3, bot id = 8360197362)
2026-02-19 16:19:11,207 - aiogram.dispatcher - INFO - Polling stopped for bot @PVZadm_bot id=8360197362 - 'PVZadm'
2026-02-19 16:19:11,209 - __main__ - INFO - Бот остановлен пользователем
